{
  "RSpec": {
    "coverage": {
      "/Users/makerslaptop092/Code/airport_challenge/spec/airport_spec.rb": [
        1,
        null,
        null,
        null,
        null,
        null,
        null,
        null,
        null,
        null,
        null,
        null,
        null,
        1,
        null,
        3,
        null,
        1,
        3,
        1,
        1,
        1,
        null,
        null,
        1,
        1,
        1,
        null,
        null,
        null,
        1,
        1,
        null,
        1,
        null,
        null,
        1,
        null,
        null,
        null,
        null,
        1,
        1,
        1,
        6,
        2,
        null,
        null,
        null,
        null,
        null,
        null,
        null,
        null,
        null,
        null,
        null,
        null,
        1,
        1,
        null,
        1,
        null,
        null,
        null
      ],
      "/Users/makerslaptop092/Code/airport_challenge/lib/airport.rb": [
        1,
        null,
        1,
        1,
        4,
        null,
        null,
        1,
        8,
        7,
        7,
        null,
        null,
        1,
        2,
        2,
        null,
        null,
        1,
        8,
        null,
        1,
        1,
        null,
        null,
        1,
        9,
        null,
        null
      ],
      "/Users/makerslaptop092/Code/airport_challenge/lib/plane.rb": [
        1,
        1,
        5,
        null,
        null,
        1,
        3,
        null,
        null,
        1,
        2,
        null,
        null,
        1,
        1,
        null,
        null,
        1,
        1,
        null,
        null,
        1,
        1,
        null,
        null
      ],
      "/Users/makerslaptop092/Code/airport_challenge/spec/plane_spec.rb": [
        1,
        null,
        null,
        null,
        null,
        null,
        null,
        null,
        null,
        null,
        null,
        null,
        null,
        null,
        null,
        null,
        1,
        null,
        1,
        1,
        null,
        null,
        1,
        1,
        1,
        null,
        null,
        1,
        1,
        1,
        null,
        null,
        2,
        null,
        1,
        1,
        1,
        null,
        null
      ]
    },
    "timestamp": 1434554890
  }
}
